\BOOKMARK [0][-]{section*.1}{Contents}{}% 1
\BOOKMARK [0][-]{section*.2}{List of Figures}{}% 2
\BOOKMARK [0][-]{chapter.1}{Introduction}{}% 3
\BOOKMARK [0][-]{chapter.2}{DTM Hardware}{}% 4
\BOOKMARK [1][-]{section.2.1}{VME 3xFMC Carrier Motherboard}{chapter.2}% 5
\BOOKMARK [1][-]{section.2.2}{Mezzanine Boards \046 DTM Connections}{chapter.2}% 6
\BOOKMARK [1][-]{section.2.3}{Clocking}{chapter.2}% 7
\BOOKMARK [1][-]{section.2.4}{DTM Configurations}{chapter.2}% 8
\BOOKMARK [0][-]{chapter.3}{Trigger Types}{}% 9
\BOOKMARK [1][-]{section.3.1}{Periodic}{chapter.3}% 10
\BOOKMARK [1][-]{section.3.2}{Exponential}{chapter.3}% 11
\BOOKMARK [1][-]{section.3.3}{External}{chapter.3}% 12
\BOOKMARK [1][-]{section.3.4}{Minimum Bias}{chapter.3}% 13
\BOOKMARK [1][-]{section.3.5}{ADC Trigger}{chapter.3}% 14
\BOOKMARK [1][-]{section.3.6}{ODB}{chapter.3}% 15
\BOOKMARK [0][-]{chapter.4}{Firmware Modules \046 Settings}{}% 16
\BOOKMARK [1][-]{section.4.1}{SVN Structure}{chapter.4}% 17
\BOOKMARK [1][-]{section.4.2}{Trigger System \(edevel00261\)}{chapter.4}% 18
\BOOKMARK [1][-]{section.4.3}{3xFMC \(edevel00260\)}{chapter.4}% 19
\BOOKMARK [1][-]{section.4.4}{DEAP VME Interface \(edevel00270\)}{chapter.4}% 20
\BOOKMARK [1][-]{section.4.5}{DEAP Firmware Development Quartus 13.0sp1 \(edevel00268\)}{chapter.4}% 21
\BOOKMARK [1][-]{section.4.6}{DEAP Firmware Quartus 14.1 \(edevel00365\)}{chapter.4}% 22
\BOOKMARK [0][-]{chapter.5}{Installation and Operation}{}% 23
\BOOKMARK [1][-]{section.5.1}{JALISCO}{chapter.5}% 24
\BOOKMARK [1][-]{section.5.2}{Loading Firmware}{chapter.5}% 25
\BOOKMARK [0][-]{chapter.6}{Appendix}{}% 26
\BOOKMARK [1][-]{section.6.1}{Resources \046 Documentation}{chapter.6}% 27
\BOOKMARK [0][-]{chapter.7}{Errata}{}% 28
\BOOKMARK [1][-]{section.7.1}{JTAG Issues}{chapter.7}% 29
\BOOKMARK [1][-]{section.7.2}{VME Motherboard Version A}{chapter.7}% 30
\BOOKMARK [1][-]{section.7.3}{Load Scripts Failing}{chapter.7}% 31
