This is pdfTeX, Version 3.14159265-2.6-1.40.15 (TeX Live 2015/dev/Debian) (preloaded format=pdflatex 2016.11.1)  12 NOV 2016 11:00
entering extended mode
 restricted \write18 enabled.
 %&-line parsing enabled.
**triggerManual.tex
(./triggerManual.tex
LaTeX2e <2014/05/01>
Babel <3.9l> and hyphenation patterns for 79 languages loaded.
(./manual.cls
Document Class: manual 
(/usr/share/texlive/texmf-dist/tex/latex/memoir/memoir.cls
Document Class: memoir 2013/05/30 v3.7b configurable book, report, article docu
ment class
\onelineskip=\skip41
\lxvchars=\skip42
\xlvchars=\skip43
\@memcnta=\count79
\c@@memmarkcntra=\count80
(/usr/share/texlive/texmf-dist/tex/generic/oberdiek/ifpdf.sty
Package: ifpdf 2011/01/30 v2.3 Provides the ifpdf switch (HO)
Package ifpdf Info: pdfTeX in PDF mode is detected.
)
(/usr/share/texlive/texmf-dist/tex/latex/ifetex/ifetex.sty
Package: ifetex 2011/12/15 v1.2 ifetex

(/usr/share/texlive/texmf-dist/tex/plain/ifetex/ifetex.tex))
(/usr/share/texlive/texmf-dist/tex/generic/ifxetex/ifxetex.sty
Package: ifxetex 2010/09/12 v0.6 Provides ifxetex conditional
)
(/usr/share/texlive/texmf-dist/tex/generic/oberdiek/ifluatex.sty
Package: ifluatex 2010/03/01 v1.3 Provides the ifluatex switch (HO)
Package ifluatex Info: LuaTeX not detected.
)
\stockheight=\skip44
\stockwidth=\skip45
\trimtop=\skip46
\trimedge=\skip47

(/usr/share/texlive/texmf-dist/tex/latex/etex-pkg/etex.sty
Package: etex 1998/03/26 v2.0 eTeX basic definition package (PEB)
\et@xins=\count81
)
(/usr/share/texlive/texmf-dist/tex/latex/memoir/mem12.clo
File: mem12.clo 2010/10/19 v0.4b memoir class 12pt size option
)
\binding=\skip48
\spinemargin=\skip49
\foremargin=\skip50
\uppermargin=\skip51
\lowermargin=\skip52
\headdrop=\skip53
\normalrulethickness=\skip54
\mem@maxheadheight=\skip55
\mem@maxfootheight=\skip56
\headwidth=\skip57
\c@storedpagenumber=\count82
\memPD=\dimen102
\m@mabparskip=\skip58
\thanksmarkwidth=\skip59
\thanksmarksep=\skip60
\droptitle=\skip61
\c@book=\count83
\c@part=\count84
\c@chapter=\count85
\c@section=\count86
\c@subsection=\count87
\c@subsubsection=\count88
\c@paragraph=\count89
\c@subparagraph=\count90
\beforechapskip=\skip62
\midchapskip=\skip63
\afterchapskip=\skip64
\chapindent=\skip65
\bottomsectionskip=\skip66
\secindent=\skip67
\beforesecskip=\skip68
\aftersecskip=\skip69
\subsecindent=\skip70
\beforesubsecskip=\skip71
\aftersubsecskip=\skip72
\subsubsecindent=\skip73
\beforesubsubsecskip=\skip74
\aftersubsubsecskip=\skip75
\paraindent=\skip76
\beforeparaskip=\skip77
\afterparaskip=\skip78
\subparaindent=\skip79
\beforesubparaskip=\skip80
\aftersubparaskip=\skip81
\pfbreakskip=\skip82
\c@@ppsavesec=\count91
\c@@ppsaveapp=\count92
\ragrparindent=\dimen103
\everylistparindent=\dimen104
\parsepi=\skip83
\topsepi=\skip84
\itemsepi=\skip85
\parsepii=\skip86
\topsepii=\skip87
\topsepiii=\skip88
\itemsepii=\skip89
\itemsepiii=\skip90
\partopsepii=\skip91
\partopsepiii=\skip92
\m@msavetopsep=\skip93
\m@msavepartopsep=\skip94
\@enLab=\toks14
\abstitleskip=\skip95
\absleftindent=\skip96
\abs@leftindent=\dimen105
\absrightindent=\skip97
\absparindent=\skip98
\absparsep=\skip99
\c@vslineno=\count93
\c@poemline=\count94
\c@modulo@vs=\count95
\c@memfvsline=\count96
\vleftskip=\skip100
\vrightskip=\skip101
\stanzaskip=\skip102
\versewidth=\skip103
\vgap=\skip104
\vindent=\skip105
\vleftmargin=\dimen106
\c@verse=\count97
\c@chrsinstr=\count98
\beforepoemtitleskip=\skip106
\afterpoemtitleskip=\skip107
\c@poem=\count99
\beforePoemTitleskip=\skip108
\midPoemTitleskip=\skip109
\afterPoemTitleskip=\skip110
\col@sep=\dimen107
\extrarowheight=\dimen108
\NC@list=\toks15
\extratabsurround=\skip111
\backup@length=\skip112
\TX@col@width=\dimen109
\TX@old@table=\dimen110
\TX@old@col=\dimen111
\TX@target=\dimen112
\TX@delta=\dimen113
\TX@cols=\count100
\TX@ftn=\toks16
\heavyrulewidth=\dimen114
\lightrulewidth=\dimen115
\cmidrulewidth=\dimen116
\belowrulesep=\dimen117
\belowbottomsep=\dimen118
\aboverulesep=\dimen119
\abovetopsep=\dimen120
\cmidrulesep=\dimen121
\cmidrulekern=\dimen122
\defaultaddspace=\dimen123
\@cmidla=\count101
\@cmidlb=\count102
\@aboverulesep=\dimen124
\@belowrulesep=\dimen125
\@thisruleclass=\count103
\@lastruleclass=\count104
\@thisrulewidth=\dimen126
\ctableftskip=\skip113
\ctabrightskip=\skip114
\abovecolumnspenalty=\count105
\@linestogo=\count106
\@cellstogo=\count107
\@cellsincolumn=\count108
\crtok=\toks17
\@mincolumnwidth=\dimen127
\c@newflo@tctr=\count109
\mem@margin@floatbox=\box26
\@contcwidth=\skip115
\@contindw=\skip116
\abovecaptionskip=\skip117
\belowcaptionskip=\skip118
\subfloattopskip=\skip119
\subfloatcapskip=\skip120
\subfloatcaptopadj=\skip121
\subfloatbottomskip=\skip122
\subfloatlabelskip=\skip123
\subfloatcapmargin=\dimen128
\c@@contsubnum=\count110
\m@mscap@capbox=\box27
\m@mscap@fbox=\box28
\sidecapsep=\dimen129
\sidecapwidth=\dimen130
\m@m@tempdima=\dimen131
\m@mscapraise=\dimen132
\sidecapraise=\dimen133
\m@mscapmainwidth=\dimen134
\m@mscaplkern=\dimen135
\beforeepigraphskip=\skip124
\afterepigraphskip=\skip125
\epigraphwidth=\skip126
\epigraphrule=\skip127
LaTeX Info: Redefining \em on input line 7492.
LaTeX Info: Redefining \emph on input line 7500.
\tocentryskip=\skip128
\tocbaseline=\skip129
\cftparskip=\skip130
\cftbeforebookskip=\skip131
\cftbookindent=\dimen136
\cftbooknumwidth=\dimen137
\cftbeforepartskip=\skip132
\cftpartindent=\skip133
\cftpartnumwidth=\skip134
\cftbeforechapterskip=\skip135
\cftchapterindent=\skip136
\cftchapternumwidth=\skip137
\cftbeforesectionskip=\skip138
\cftsectionindent=\skip139
\cftsectionnumwidth=\skip140
\cftbeforesubsectionskip=\skip141
\cftsubsectionindent=\skip142
\cftsubsectionnumwidth=\skip143
\cftbeforesubsubsectionskip=\skip144
\cftsubsubsectionindent=\skip145
\cftsubsubsectionnumwidth=\skip146
\cftbeforeparagraphskip=\skip147
\cftparagraphindent=\skip148
\cftparagraphnumwidth=\skip149
\cftbeforesubparagraphskip=\skip150
\cftsubparagraphindent=\skip151
\cftsubparagraphnumwidth=\skip152
\prechapterprecisshift=\dimen138
\c@maxsecnumdepth=\count111
\bibindent=\dimen139
\bibitemsep=\skip153
\indexcolsep=\skip154
\indexrule=\skip155
\indexmarkstyle=\toks18
\@indexbox=\insert233
\glossarycolsep=\dimen140
\glossaryrule=\dimen141
\sideparvshift=\skip156
\sideins=\insert232
\sidebartopsep=\skip157
\sidebarhsep=\skip158
\sidebarvsep=\skip159
\sidebarwidth=\skip160
\footmarkwidth=\skip161
\footmarksep=\skip162
\footparindent=\skip163
\footinsdim=\skip164
\footinsv@r=\insert231
\@mpfootinsv@r=\insert230
\m@m@k=\count112
\m@m@h=\dimen142
\m@mipn@skip=\skip165
\sidefootins=\insert229
\sidefootadjust=\skip166
\sidefootheight=\skip167
\sidefoothsep=\skip168
\sidefootvsep=\skip169
\sidefootwidth=\skip170
\m@mdownsf=\skip171
\c@sidefootnote=\count113
\sidefootmarkwidth=\skip172
\sidefootmarksep=\skip173
\sidefootparindent=\skip174
\c@pagenote=\count114
\c@pagenoteshadow=\count115
\mem@pn@lastkern=\skip175
\every@verbatim=\toks19
\afterevery@verbatim=\toks20
\verbatim@line=\toks21
\tab@position=\count116
\verbatim@in@stream=\read1
\verbatimindent=\skip176
\verbatim@out=\write3
\bvboxsep=\skip177
\c@memfbvline=\count117
\c@bvlinectr=\count118
\bvnumlength=\skip178
\fb@frw=\dimen143
\fb@frh=\dimen144
\FrameRule=\dimen145
\FrameSep=\dimen146
\c@cp@cntr=\count119
LaTeX Info: Redefining \: on input line 11958.
LaTeX Info: Redefining \! on input line 11960.
\c@ism@mctr=\count120
\c@xsm@mctr=\count121
\c@csm@mctr=\count122
\c@ksm@mctr=\count123
\c@xksm@mctr=\count124
\c@cksm@mctr=\count125
\c@msm@mctr=\count126
\c@xmsm@mctr=\count127
\c@cmsm@mctr=\count128
\c@bsm@mctr=\count129
\c@workm@mctr=\count130
\c@sheetsequence=\count131
\c@lastsheet=\count132
\c@lastpage=\count133
\c@figure=\count134
\c@lofdepth=\count135
\cftbeforefigureskip=\skip179
\cftfigureindent=\skip180
\cftfigurenumwidth=\skip181
\c@table=\count136
\c@lotdepth=\count137
\cftbeforetableskip=\skip182
\cfttableindent=\skip183
\cfttablenumwidth=\skip184
Package abstract [2008/07/23] emulated by memoir.
Package appendix [2008/07/23] emulated by memoir.
Package array [2008/09/09] emulated by memoir.
Package booktabs [2008/07/23] emulated by memoir.
Package ccaption [2008/07/23] emulated by memoir.
Package changepage [2008/07/23] emulated by memoir.
Package chngcntr [2008/07/23] emulated by memoir.
Package chngpage [2008/07/23] emulated by memoir.
Package crop emulated by memoir.
Package dcolumn [2008/07/23] emulated by memoir.
Package delarray [2008/07/23] emulated by memoir.
Package enumerate [2008/07/23] emulated by memoir.
Package epigraph [2008/07/23] emulated by memoir.
Package ifmtarg [2008/07/23] emulated by memoir.
Package index [2008/07/23] emulated by memoir.
Package makeidx [2008/07/23] emulated by memoir.
Package moreverb [2008/07/23] emulated by memoir.
Package mparhack [2008/07/23] emulated by memoir.
Package needspace [2008/07/23] emulated by memoir.
Package newfile [2008/07/23] emulated by memoir.
Package nextpage [2008/07/23] emulated by memoir.
Package pagenote [2008/07/23] emulated by memoir.
Package parskip [2008/07/23] emulated by memoir.
Package patchcmd [2008/07/23] emulated by memoir.
Package setspace [2008/07/23] emulated by memoir.
Package shortvrb [2008/07/23] emulated by memoir.
Package showidx [2008/07/23] emulated by memoir.
Package tabularx [2008/07/23] emulated by memoir.
Package titleref [2008/07/23] emulated by memoir.
Package titling [2008/07/23] emulated by memoir.
Package tocbibind [2008/07/23] emulated by memoir.
Package tocloft [2008/07/23] emulated by memoir.
Package tocvsec2 [2008/07/23] emulated by memoir.
Package verbatim [2008/07/23] emulated by memoir.
Package verse [2008/07/23] emulated by memoir.

(/usr/share/texlive/texmf-dist/tex/latex/memoir/mempatch.sty
Package: mempatch 2009/07/24 v6.0f Patches for memoir class v1.6180339
))
\drop=\skip185
)
(/usr/share/texlive/texmf-dist/tex/latex/xcolor/xcolor.sty
Package: xcolor 2007/01/21 v2.11 LaTeX color extensions (UK)

(/usr/share/texlive/texmf-dist/tex/latex/latexconfig/color.cfg
File: color.cfg 2007/01/18 v1.5 color configuration of teTeX/TeXLive
)
Package xcolor Info: Driver file: pdftex.def on input line 225.

(/usr/share/texlive/texmf-dist/tex/latex/pdftex-def/pdftex.def
File: pdftex.def 2011/05/27 v0.06d Graphics/color for pdfTeX

(/usr/share/texlive/texmf-dist/tex/generic/oberdiek/infwarerr.sty
Package: infwarerr 2010/04/08 v1.3 Providing info/warning/error messages (HO)
)
(/usr/share/texlive/texmf-dist/tex/generic/oberdiek/ltxcmds.sty
Package: ltxcmds 2011/11/09 v1.22 LaTeX kernel commands for general use (HO)
)
\Gread@gobject=\count138
)
Package xcolor Info: Model `cmy' substituted by `cmy0' on input line 1337.
Package xcolor Info: Model `hsb' substituted by `rgb' on input line 1341.
Package xcolor Info: Model `RGB' extended on input line 1353.
Package xcolor Info: Model `HTML' substituted by `rgb' on input line 1355.
Package xcolor Info: Model `Hsb' substituted by `hsb' on input line 1356.
Package xcolor Info: Model `tHsb' substituted by `hsb' on input line 1357.
Package xcolor Info: Model `HSB' substituted by `hsb' on input line 1358.
Package xcolor Info: Model `Gray' substituted by `gray' on input line 1359.
Package xcolor Info: Model `wave' substituted by `hsb' on input line 1360.
)
(/usr/share/texlive/texmf-dist/tex/latex/hyperref/hyperref.sty
Package: hyperref 2012/11/06 v6.83m Hypertext links for LaTeX

(/usr/share/texlive/texmf-dist/tex/generic/oberdiek/hobsub-hyperref.sty
Package: hobsub-hyperref 2012/05/28 v1.13 Bundle oberdiek, subset hyperref (HO)


(/usr/share/texlive/texmf-dist/tex/generic/oberdiek/hobsub-generic.sty
Package: hobsub-generic 2012/05/28 v1.13 Bundle oberdiek, subset generic (HO)
Package: hobsub 2012/05/28 v1.13 Construct package bundles (HO)
Package hobsub Info: Skipping package `infwarerr' (already loaded).
Package hobsub Info: Skipping package `ltxcmds' (already loaded).
Package hobsub Info: Skipping package `ifluatex' (already loaded).
Package: ifvtex 2010/03/01 v1.5 Detect VTeX and its facilities (HO)
Package ifvtex Info: VTeX not detected.
Package: intcalc 2007/09/27 v1.1 Expandable calculations with integers (HO)
Package hobsub Info: Skipping package `ifpdf' (already loaded).
Package: etexcmds 2011/02/16 v1.5 Avoid name clashes with e-TeX commands (HO)
Package etexcmds Info: Could not find \expanded.
(etexcmds)             That can mean that you are not using pdfTeX 1.50 or
(etexcmds)             that some package has redefined \expanded.
(etexcmds)             In the latter case, load this package earlier.
Package: kvsetkeys 2012/04/25 v1.16 Key value parser (HO)
Package: kvdefinekeys 2011/04/07 v1.3 Define keys (HO)
Package: pdftexcmds 2011/11/29 v0.20 Utility functions of pdfTeX for LuaTeX (HO
)
Package pdftexcmds Info: LuaTeX not detected.
Package pdftexcmds Info: \pdf@primitive is available.
Package pdftexcmds Info: \pdf@ifprimitive is available.
Package pdftexcmds Info: \pdfdraftmode found.
Package: pdfescape 2011/11/25 v1.13 Implements pdfTeX's escape features (HO)
Package: bigintcalc 2012/04/08 v1.3 Expandable calculations on big integers (HO
)
Package: bitset 2011/01/30 v1.1 Handle bit-vector datatype (HO)
Package: uniquecounter 2011/01/30 v1.2 Provide unlimited unique counter (HO)
)
Package hobsub Info: Skipping package `hobsub' (already loaded).
Package: letltxmacro 2010/09/02 v1.4 Let assignment for LaTeX macros (HO)
Package: hopatch 2012/05/28 v1.2 Wrapper for package hooks (HO)
Package: xcolor-patch 2011/01/30 xcolor patch
Package: atveryend 2011/06/30 v1.8 Hooks at the very end of document (HO)
Package atveryend Info: \enddocument detected (standard20110627).
Package: atbegshi 2011/10/05 v1.16 At begin shipout hook (HO)
Package: refcount 2011/10/16 v3.4 Data extraction from label references (HO)
Package: hycolor 2011/01/30 v1.7 Color options for hyperref/bookmark (HO)
)
(/usr/share/texlive/texmf-dist/tex/latex/graphics/keyval.sty
Package: keyval 2014/05/08 v1.15 key=value parser (DPC)
\KV@toks@=\toks22
)
(/usr/share/texlive/texmf-dist/tex/latex/oberdiek/auxhook.sty
Package: auxhook 2011/03/04 v1.3 Hooks for auxiliary files (HO)
)
(/usr/share/texlive/texmf-dist/tex/latex/oberdiek/kvoptions.sty
Package: kvoptions 2011/06/30 v3.11 Key value format for package options (HO)
)
\@linkdim=\dimen147
\Hy@linkcounter=\count139
\Hy@pagecounter=\count140

(/usr/share/texlive/texmf-dist/tex/latex/hyperref/pd1enc.def
File: pd1enc.def 2012/11/06 v6.83m Hyperref: PDFDocEncoding definition (HO)
)
\Hy@SavedSpaceFactor=\count141

(/usr/share/texlive/texmf-dist/tex/latex/latexconfig/hyperref.cfg
File: hyperref.cfg 2002/06/06 v1.2 hyperref configuration of TeXLive
)
Package hyperref Info: Hyper figures OFF on input line 4443.
Package hyperref Info: Link nesting OFF on input line 4448.
Package hyperref Info: Hyper index ON on input line 4451.
Package hyperref Info: Plain pages OFF on input line 4458.
Package hyperref Info: Backreferencing OFF on input line 4463.
Package hyperref Info: Implicit mode ON; LaTeX internals redefined.
Package hyperref Info: Bookmarks ON on input line 4688.
\c@Hy@tempcnt=\count142

(/usr/share/texlive/texmf-dist/tex/latex/url/url.sty
\Urlmuskip=\muskip10
Package: url 2013/09/16  ver 3.4  Verb mode for urls, etc.
)
LaTeX Info: Redefining \url on input line 5041.
\XeTeXLinkMargin=\dimen148
\Fld@menulength=\count143
\Field@Width=\dimen149
\Fld@charsize=\dimen150
Package hyperref Info: Hyper figures OFF on input line 6295.
Package hyperref Info: Link nesting OFF on input line 6300.
Package hyperref Info: Hyper index ON on input line 6303.
Package hyperref Info: backreferencing OFF on input line 6310.
Package hyperref Info: Link coloring OFF on input line 6315.
Package hyperref Info: Link coloring with OCG OFF on input line 6320.
Package hyperref Info: PDF/A mode OFF on input line 6325.
LaTeX Info: Redefining \ref on input line 6365.
LaTeX Info: Redefining \pageref on input line 6369.
\Hy@abspage=\count144
\c@Item=\count145
\c@Hfootnote=\count146
)
(/usr/share/texlive/texmf-dist/tex/latex/memoir/memhfixc.sty
Package: memhfixc 2013/05/30 v1.17 nameref/hyperref package fixes for memoir cl
ass
\c@memhycontfloat=\count147
\c@Hpagenote=\count148
)

Package hyperref Message: Driver (autodetected): hpdftex.

(/usr/share/texlive/texmf-dist/tex/latex/hyperref/hpdftex.def
File: hpdftex.def 2012/11/06 v6.83m Hyperref driver for pdfTeX
\Fld@listcount=\count149
\c@bookmark@seq@number=\count150

(/usr/share/texlive/texmf-dist/tex/latex/oberdiek/rerunfilecheck.sty
Package: rerunfilecheck 2011/04/15 v1.7 Rerun checks for auxiliary files (HO)
Package uniquecounter Info: New unique counter `rerunfilecheck' on input line 2
82.
)
\Hy@SectionHShift=\skip186
)
(/usr/share/texlive/texmf-dist/tex/latex/oberdiek/pdflscape.sty
Package: pdflscape 2008/08/11 v0.10 Display of landscape pages in PDF (HO)

(/usr/share/texlive/texmf-dist/tex/latex/graphics/lscape.sty
Package: lscape 2000/10/22 v3.01 Landscape Pages (DPC)

(/usr/share/texlive/texmf-dist/tex/latex/graphics/graphics.sty
Package: graphics 2009/02/05 v1.0o Standard LaTeX Graphics (DPC,SPQR)

(/usr/share/texlive/texmf-dist/tex/latex/graphics/trig.sty
Package: trig 1999/03/16 v1.09 sin cos tan (DPC)
)
(/usr/share/texlive/texmf-dist/tex/latex/latexconfig/graphics.cfg
File: graphics.cfg 2010/04/23 v1.9 graphics configuration of TeX Live
)
Package graphics Info: Driver file: pdftex.def on input line 91.
))
Package pdflscape Info: Auto-detected driver: pdftex on input line 80.
)
Package hyperref Info: Option `unicode' set `false' on input line 30.
Package hyperref Info: Option `pdftoolbar' set `true' on input line 30.
Package hyperref Info: Option `pdfmenubar' set `true' on input line 30.
Package hyperref Info: Option `pdffitwindow' set `false' on input line 30.
Package hyperref Info: Option `pdfnewwindow' set `true' on input line 30.
Package hyperref Info: Option `colorlinks' set `false' on input line 30.

(/usr/share/texlive/texmf-dist/tex/latex/oberdiek/hypcap.sty
Package: hypcap 2011/02/16 v1.11 Adjusting the anchors of captions (HO)
)
(/usr/share/texlive/texmf-dist/tex/latex/biblatex/biblatex.sty
Package: biblatex 2014/06/25 v2.9a programmable bibliographies (PK/JW/AB)


Package biblatex Warning: No "backend" specified, using Biber backend.
(biblatex)                To use BibTeX, load biblatex with 
(biblatex)                the "backend=bibtex" option.

(/usr/share/texlive/texmf-dist/tex/latex/biblatex/biblatex2.sty
Package: biblatex2 2014/06/25 v2.9a programmable bibliographies (biber) (PK/JW/
AB)

(/usr/share/texlive/texmf-dist/tex/latex/etoolbox/etoolbox.sty
Package: etoolbox 2011/01/03 v2.1 e-TeX tools for LaTeX
\etb@tempcnta=\count151
)
(/usr/share/texlive/texmf-dist/tex/latex/logreq/logreq.sty
Package: logreq 2010/08/04 v1.0 xml request logger
\lrq@indent=\count152

(/usr/share/texlive/texmf-dist/tex/latex/logreq/logreq.def
File: logreq.def 2010/08/04 v1.0 logreq spec v1.0
))
(/usr/share/texlive/texmf-dist/tex/latex/base/ifthen.sty
Package: ifthen 2014/09/29 v1.1c Standard LaTeX ifthen package (DPC)
)
\c@tabx@nest=\count153
\c@listtotal=\count154
\c@listcount=\count155
\c@liststart=\count156
\c@liststop=\count157
\c@citecount=\count158
\c@citetotal=\count159
\c@multicitecount=\count160
\c@multicitetotal=\count161
\c@instcount=\count162
\c@maxnames=\count163
\c@minnames=\count164
\c@maxitems=\count165
\c@minitems=\count166
\c@citecounter=\count167
\c@savedcitecounter=\count168
\c@uniquelist=\count169
\c@uniquename=\count170
\c@refsection=\count171
\c@refsegment=\count172
\c@maxextratitle=\count173
\c@maxextratitleyear=\count174
\c@maxextrayear=\count175
\c@maxextraalpha=\count176
\c@abbrvpenalty=\count177
\c@highnamepenalty=\count178
\c@lownamepenalty=\count179
\c@maxparens=\count180
\c@parenlevel=\count181
\blx@tempcnta=\count182
\blx@tempcntb=\count183
\blx@tempcntc=\count184
\blx@maxsection=\count185
\blx@maxsegment@0=\count186
\blx@notetype=\count187
\blx@parenlevel@text=\count188
\blx@parenlevel@foot=\count189
\blx@sectionciteorder@0=\count190
\labelnumberwidth=\skip187
\labelalphawidth=\skip188
\biblabelsep=\skip189
\bibnamesep=\skip190
\bibinitsep=\skip191
\bibparsep=\skip192
\bibhang=\skip193
\blx@bcfin=\read2
\blx@bcfout=\write4
\c@mincomprange=\count191
\c@maxcomprange=\count192
\c@mincompwidth=\count193
Package biblatex Info: Trying to load biblatex default data model...
Package biblatex Info: ... file 'blx-dm.def' found.

(/usr/share/texlive/texmf-dist/tex/latex/biblatex/blx-dm.def)
Package biblatex Info: Trying to load biblatex custom data model...
Package biblatex Info: ... file 'biblatex-dm.cfg' not found.
\c@afterword=\count194
\c@savedafterword=\count195
\c@annotator=\count196
\c@savedannotator=\count197
\c@author=\count198
\c@savedauthor=\count199
\c@bookauthor=\count200
\c@savedbookauthor=\count201
\c@commentator=\count202
\c@savedcommentator=\count203
\c@editor=\count204
\c@savededitor=\count205
\c@editora=\count206
\c@savededitora=\count207
\c@editorb=\count208
\c@savededitorb=\count209
\c@editorc=\count210
\c@savededitorc=\count211
\c@foreword=\count212
\c@savedforeword=\count213
\c@holder=\count214
\c@savedholder=\count215
\c@introduction=\count216
\c@savedintroduction=\count217
\c@namea=\count218
\c@savednamea=\count219
\c@nameb=\count220
\c@savednameb=\count221
\c@namec=\count222
\c@savednamec=\count223
\c@translator=\count224
\c@savedtranslator=\count225
\c@shortauthor=\count226
\c@savedshortauthor=\count227
\c@shorteditor=\count228
Normal \count register pool exhausted, switching to extended pool.
\c@savedshorteditor=\count277
\c@labelname=\count278
\c@savedlabelname=\count279
\c@institution=\count280
\c@savedinstitution=\count281
\c@lista=\count282
\c@savedlista=\count283
\c@listb=\count284
\c@savedlistb=\count285
\c@listc=\count286
\c@savedlistc=\count287
\c@listd=\count288
\c@savedlistd=\count289
\c@liste=\count290
\c@savedliste=\count291
\c@listf=\count292
\c@savedlistf=\count293
\c@location=\count294
\c@savedlocation=\count295
\c@organization=\count296
\c@savedorganization=\count297
\c@origlocation=\count298
\c@savedoriglocation=\count299
\c@origpublisher=\count300
\c@savedorigpublisher=\count301
\c@publisher=\count302
\c@savedpublisher=\count303
\c@language=\count304
\c@savedlanguage=\count305
\c@pageref=\count306
\c@savedpageref=\count307
\shorthandwidth=\skip194
\shortjournalwidth=\skip195
\shortserieswidth=\skip196
\shorttitlewidth=\skip197
\shortauthorwidth=\skip198
\shorteditorwidth=\skip199
Package biblatex Info: Trying to load compatibility code...
Package biblatex Info: ... file 'blx-compat.def' found.

(/usr/share/texlive/texmf-dist/tex/latex/biblatex/blx-compat.def
File: blx-compat.def 2014/06/25 v2.9a biblatex compatibility (PK/JW/AB)
)
Package biblatex Info: Trying to load generic definitions...
Package biblatex Info: ... file 'biblatex.def' found.

(/usr/share/texlive/texmf-dist/tex/latex/biblatex/biblatex.def
File: biblatex.def 
\c@textcitecount=\count308
\c@textcitetotal=\count309
\c@textcitemaxnames=\count310
\c@biburlnumpenalty=\count311
\c@biburlucpenalty=\count312
\c@biburllcpenalty=\count313
\c@smartand=\count314
)
Package biblatex Info: Trying to load bibliography style 'numeric'...
Package biblatex Info: ... file 'numeric.bbx' found.

(/usr/share/texlive/texmf-dist/tex/latex/biblatex/bbx/numeric.bbx
File: numeric.bbx 2014/06/25 v2.9a biblatex bibliography style (PK/JW/AB)
Package biblatex Info: Trying to load bibliography style 'standard'...
Package biblatex Info: ... file 'standard.bbx' found.

(/usr/share/texlive/texmf-dist/tex/latex/biblatex/bbx/standard.bbx
File: standard.bbx 2014/06/25 v2.9a biblatex bibliography style (PK/JW/AB)
\c@bbx:relatedcount=\count315
\c@bbx:relatedtotal=\count316
))
Package biblatex Info: Trying to load citation style 'numeric'...
Package biblatex Info: ... file 'numeric.cbx' found.

(/usr/share/texlive/texmf-dist/tex/latex/biblatex/cbx/numeric.cbx
File: numeric.cbx 2014/06/25 v2.9a biblatex citation style (PK/JW/AB)
Package biblatex Info: Redefining '\cite'.
Package biblatex Info: Redefining '\parencite'.
Package biblatex Info: Redefining '\footcite'.
Package biblatex Info: Redefining '\footcitetext'.
Package biblatex Info: Redefining '\smartcite'.
Package biblatex Info: Redefining '\supercite'.
Package biblatex Info: Redefining '\textcite'.
Package biblatex Info: Redefining '\textcites'.
Package biblatex Info: Redefining '\cites'.
Package biblatex Info: Redefining '\parencites'.
Package biblatex Info: Redefining '\smartcites'.
)
Package biblatex Info: Trying to load configuration file...
Package biblatex Info: ... file 'biblatex.cfg' found.

(/usr/share/texlive/texmf-dist/tex/latex/biblatex/biblatex.cfg
File: biblatex.cfg 
)))
(/usr/share/texlive/texmf-dist/tex/latex/glossaries/base/glossaries.sty
Package: glossaries 2014/09/01 v4.11 (NLCT)

(/usr/share/texlive/texmf-dist/tex/latex/xkeyval/xkeyval.sty
Package: xkeyval 2014/05/25 v2.7 package option processing (HA)

(/usr/share/texlive/texmf-dist/tex/generic/xkeyval/xkeyval.tex
(/usr/share/texlive/texmf-dist/tex/generic/xkeyval/xkvutils.tex
\XKV@toks=\toks23
\XKV@tempa@toks=\toks24
)
\XKV@depth=\count317
File: xkeyval.tex 2014/05/25 v2.7 key=value parser (HA)
))
(/usr/share/texlive/texmf-dist/tex/latex/glossaries/base/mfirstuc.sty
Package: mfirstuc 2014/07/30 v1.09 (NLCT)
\@glsmfirst=\toks25
\@glsmrest=\toks26
)
(/usr/share/texlive/texmf-dist/tex/latex/textcase/textcase.sty
Package: textcase 2004/10/07 v0.07 Text only upper/lower case changing (DPC)
LaTeX Info: Redefining \MakeTextUppercase on input line 47.
LaTeX Info: Redefining \MakeTextLowercase on input line 50.
)
(/usr/share/texlive/texmf-dist/tex/latex/xfor/xfor.sty
Package: xfor 2009/02/05 v1.05 (NLCT)
)
(/usr/share/texlive/texmf-dist/tex/latex/datatool/datatool-base.sty
Package: datatool-base 2014/06/10 v2.22 (NLCT)

(/usr/share/texlive/texmf-dist/tex/latex/amsmath/amsmath.sty
Package: amsmath 2013/01/14 v2.14 AMS math features
\@mathmargin=\skip200

For additional information on amsmath, use the `?' option.
(/usr/share/texlive/texmf-dist/tex/latex/amsmath/amstext.sty
Package: amstext 2000/06/29 v2.01

(/usr/share/texlive/texmf-dist/tex/latex/amsmath/amsgen.sty
File: amsgen.sty 1999/11/30 v2.0
\@emptytoks=\toks27
\ex@=\dimen151
))
(/usr/share/texlive/texmf-dist/tex/latex/amsmath/amsbsy.sty
Package: amsbsy 1999/11/29 v1.2d
\pmbraise@=\dimen152
)
(/usr/share/texlive/texmf-dist/tex/latex/amsmath/amsopn.sty
Package: amsopn 1999/12/14 v2.01 operator names
)
\inf@bad=\count318
LaTeX Info: Redefining \frac on input line 210.
\uproot@=\count319
\leftroot@=\count320
LaTeX Info: Redefining \overline on input line 306.
\classnum@=\count321
\DOTSCASE@=\count322
LaTeX Info: Redefining \ldots on input line 378.
LaTeX Info: Redefining \dots on input line 381.
LaTeX Info: Redefining \cdots on input line 466.
\Mathstrutbox@=\box29
\strutbox@=\box30
\big@size=\dimen153
LaTeX Font Info:    Redeclaring font encoding OML on input line 566.
LaTeX Font Info:    Redeclaring font encoding OMS on input line 567.
\macc@depth=\count323
\c@MaxMatrixCols=\count324
\dotsspace@=\muskip11
\c@parentequation=\count325
\dspbrk@lvl=\count326
\tag@help=\toks28
\row@=\count327
\column@=\count328
\maxfields@=\count329
\andhelp@=\toks29
\eqnshift@=\dimen154
\alignsep@=\dimen155
\tagshift@=\dimen156
\tagwidth@=\dimen157
\totwidth@=\dimen158
\lineht@=\dimen159
\@envbody=\toks30
\multlinegap=\skip201
\multlinetaggap=\skip202
\mathdisplay@stack=\toks31
LaTeX Info: Redefining \[ on input line 2665.
LaTeX Info: Redefining \] on input line 2666.
)
(/usr/share/texlive/texmf-dist/tex/latex/substr/substr.sty
Package: substr 2009/10/20 v1.2 Handle substrings
\c@su@anzahl=\count330
)
(/usr/share/texlive/texmf-dist/tex/latex/datatool/datatool-fp.sty
Package: datatool-fp 2013/08/29 v2.17 (NLCT)

(/usr/share/texlive/texmf-dist/tex/latex/fp/fp.sty
Package: fp 1995/04/02

`Fixed Point Package', Version 0.8, April 2, 1995 (C) Michael Mehlich
(/usr/share/texlive/texmf-dist/tex/latex/fp/defpattern.sty
Package: defpattern 1994/10/12
\actioncount=\count331
)
(/usr/share/texlive/texmf-dist/tex/latex/fp/fp-basic.sty
Package: fp-basic 1996/05/13
\FP@xs=\count332
\FP@xia=\count333
\FP@xib=\count334
\FP@xfa=\count335
\FP@xfb=\count336
\FP@rega=\count337
\FP@regb=\count338
\FP@regs=\count339
\FP@times=\count340
)
(/usr/share/texlive/texmf-dist/tex/latex/fp/fp-addons.sty
Package: fp-addons 1995/03/15
)
(/usr/share/texlive/texmf-dist/tex/latex/fp/fp-snap.sty
Package: fp-snap 1995/04/05
)
(/usr/share/texlive/texmf-dist/tex/latex/fp/fp-exp.sty
Package: fp-exp 1995/04/03
)
(/usr/share/texlive/texmf-dist/tex/latex/fp/fp-trigo.sty
Package: fp-trigo 1995/04/14
)
(/usr/share/texlive/texmf-dist/tex/latex/fp/fp-pas.sty
Package: fp-pas 1994/08/29
)
(/usr/share/texlive/texmf-dist/tex/latex/fp/fp-random.sty
Package: fp-random 1995/02/23
\FPseed=\count341
)
(/usr/share/texlive/texmf-dist/tex/latex/fp/fp-eqn.sty
Package: fp-eqn 1995/04/03
)
(/usr/share/texlive/texmf-dist/tex/latex/fp/fp-upn.sty
Package: fp-upn 1996/10/21
)
(/usr/share/texlive/texmf-dist/tex/latex/fp/fp-eval.sty
Package: fp-eval 1995/04/03
)))
\@dtl@toks=\toks32
\@dtl@tmpcount=\count342
\dtl@tmplength=\skip203
\dtl@sortresult=\count343
\@dtl@numgrpsepcount=\count344
\@dtl@datatype=\count345
\dtl@codeA=\count346
\dtl@codeB=\count347
\@dtl@foreach@level=\count348
)
(/usr/share/texlive/texmf-dist/tex/latex/glossaries/base/glossaries-compatible-
307.sty
Package: glossaries-compatible-307 2013/11/14 v4.0 (NLCT)
)
\gls@level=\count349
\@gls@tmpb=\toks33
\gls@tmplen=\skip204


Package glossaries Warning: Overriding \printglossary on input line 4831.


Package glossaries Warning: Overriding `theglossary' environment on input line 
5470.

\glskeylisttok=\toks34
\glslabeltok=\toks35
\glsshorttok=\toks36
\glslongtok=\toks37

(/usr/share/texlive/texmf-dist/tex/latex/glossaries/styles/glossary-hypernav.st
y
Package: glossary-hypernav 2013/11/14 v4.0 (NLCT)
) (/usr/share/texlive/texmf-dist/tex/latex/glossaries/styles/glossary-list.sty
Package: glossary-list 2013/11/14 v4.0 (NLCT)
\glslistdottedwidth=\skip205
) (/usr/share/texlive/texmf-dist/tex/latex/glossaries/styles/glossary-long.sty
Package: glossary-long 2013/11/14 v4.0 (NLCT)

(/usr/share/texlive/texmf-dist/tex/latex/tools/longtable.sty
Package: longtable 2014/10/28 v4.11 Multi-page Table package (DPC)
\LTleft=\skip206
\LTright=\skip207
\LTpre=\skip208
\LTpost=\skip209
\LTchunksize=\count350
\LTcapwidth=\dimen160
\LT@head=\box31
\LT@firsthead=\box32
\LT@foot=\box33
\LT@lastfoot=\box34
\LT@cols=\count351
\LT@rows=\count352
\c@LT@tables=\count353
\c@LT@chunks=\count354
\LT@p@ftn=\toks38
)
\glsdescwidth=\skip210
\glspagelistwidth=\skip211
)
(/usr/share/texlive/texmf-dist/tex/latex/glossaries/styles/glossary-super.sty
Package: glossary-super 2013/11/14 v4.0 (NLCT)

(/usr/share/texlive/texmf-dist/tex/latex/supertabular/supertabular.sty
Package: supertabular 2004/02/20 v4.1e the supertabular environment
\c@tracingst=\count355
\ST@wd=\dimen161
\ST@rightskip=\skip212
\ST@leftskip=\skip213
\ST@parfillskip=\skip214
\ST@pageleft=\dimen162
\ST@headht=\dimen163
\ST@tailht=\dimen164
\ST@pagesofar=\dimen165
\ST@pboxht=\dimen166
\ST@lineht=\dimen167
\ST@stretchht=\dimen168
\ST@prevht=\dimen169
\ST@toadd=\dimen170
\ST@dimen=\dimen171
\ST@pbox=\box35
))
(/usr/share/texlive/texmf-dist/tex/latex/glossaries/styles/glossary-tree.sty
Package: glossary-tree 2014/08/27 v4.10 (NLCT)
\glstreeindent=\skip215
))
(/usr/share/texlive/texmf-dist/tex/latex/graphics/graphicx.sty
Package: graphicx 2014/04/25 v1.0g Enhanced LaTeX Graphics (DPC,SPQR)
\Gin@req@height=\dimen172
\Gin@req@width=\dimen173
)
(/usr/share/texlive/texmf-dist/tex/latex/amsfonts/amsfonts.sty
Package: amsfonts 2013/01/14 v3.01 Basic AMSFonts support
\symAMSa=\mathgroup4
\symAMSb=\mathgroup5
LaTeX Font Info:    Overwriting math alphabet `\mathfrak' in version `bold'
(Font)                  U/euf/m/n --> U/euf/b/n on input line 106.
)
(/usr/share/texlive/texmf-dist/tex/latex/amsfonts/amssymb.sty
Package: amssymb 2013/01/14 v3.01 AMS font symbols
)
(/usr/share/texlive/texmf-dist/tex/latex/tools/bm.sty
Package: bm 2014/10/28 v1.1c Bold Symbol Support (DPC/FMi)
\symboldoperators=\mathgroup6
\symboldletters=\mathgroup7
\symboldsymbols=\mathgroup8
LaTeX Font Info:    Redeclaring math alphabet \mathbf on input line 137.
LaTeX Info: Redefining \bm on input line 203.
)

Class memoir Warning: You are using the caption package with the memoir class. 
To prepare we will now reset all captioning macros and configurations to kernel
 defaults, and then let the caption package take over. Please remember to use t
he caption package interfaces in order to configure your captions. .

(/usr/share/texlive/texmf-dist/tex/latex/caption/caption.sty
Package: caption 2013/05/02 v3.3-89 Customizing captions (AR)

(/usr/share/texlive/texmf-dist/tex/latex/caption/caption3.sty
Package: caption3 2013/05/02 v1.6-88 caption3 kernel (AR)
Package caption3 Info: TeX engine: e-TeX on input line 57.
\captionmargin=\dimen174
\captionmargin@=\dimen175
\captionwidth=\dimen176
\caption@tempdima=\dimen177
\caption@indent=\dimen178
\caption@parindent=\dimen179
\caption@hangindent=\dimen180
)
\c@ContinuedFloat=\count356
Package caption Info: hyperref package is loaded.
Package caption Info: hypcap package is loaded.
Package caption Info: longtable package is loaded.

(/usr/share/texlive/texmf-dist/tex/latex/caption/ltcaption.sty
Package: ltcaption 2013/02/03 v1.3-62 longtable captions (AR)
)
Package caption Info: supertabular package is loaded.
)
(/usr/share/texlive/texmf-dist/tex/latex/caption/subcaption.sty
Package: subcaption 2013/02/03 v1.1-62 Sub-captions (AR)
\c@subfigure=\count357
\c@subtable=\count358
)
(/usr/share/texlive/texmf-dist/tex/latex/bytefield/bytefield.sty
Package: bytefield 2014/06/03 v2.2 Network protocol diagrams

(/usr/share/texlive/texmf-dist/tex/latex/tools/calc.sty
Package: calc 2014/10/28 v4.3 Infix arithmetic (KKT,FJ)
\calc@Acount=\count359
\calc@Bcount=\count360
\calc@Adimen=\dimen181
\calc@Bdimen=\dimen182
\calc@Askip=\skip216
\calc@Bskip=\skip217
LaTeX Info: Redefining \setlength on input line 75.
LaTeX Info: Redefining \addtolength on input line 76.
\calc@Ccount=\count361
\calc@Cskip=\skip218
)
\bytefield@height=\skip219
\bytefield@height@increment=\skip220
\entire@bytefield@picture=\box36
\bf@bitwidth=\skip221
LaTeX Font Info:    Try loading font information for OT1+pcr on input line 72.

(/usr/share/texlive/texmf-dist/tex/latex/psnfss/ot1pcr.fd
File: ot1pcr.fd 2001/06/04 font definitions for OT1/pcr.
)
\bf@bitheight=\skip222
\units@wide=\skip223
\units@tall=\skip224
\units@high=\skip225
\header@xpos=\skip226
\c@header@val=\count362
\c@max@header@val=\count363
\curly@box=\box37
\wordlabelr@start=\skip227
\wordlabelr@end=\skip228
Normal \skip register pool exhausted, switching to extended pool.
\wordlabell@start=\skip256
\wordlabell@end=\skip257
\total@lbox@width=\skip258
\label@box@width=\skip259
\label@box@height=\skip260
\word@label@box=\box38
)
(/usr/share/texlive/texmf-dist/tex/latex/oberdiek/epstopdf.sty
Package: epstopdf 2010/02/09 v2.5 Conversion with epstopdf on the fly (HO)

(/usr/share/texlive/texmf-dist/tex/latex/oberdiek/epstopdf-base.sty
Package: epstopdf-base 2010/02/09 v2.5 Base part for package epstopdf

(/usr/share/texlive/texmf-dist/tex/latex/oberdiek/grfext.sty
Package: grfext 2010/08/19 v1.1 Manage graphics extensions (HO)
)
Package grfext Info: Graphics extension search list:
(grfext)             [.png,.pdf,.jpg,.mps,.jpeg,.jbig2,.jb2,.PNG,.PDF,.JPG,.JPE
G,.JBIG2,.JB2,.eps]
(grfext)             \AppendGraphicsExtensions on input line 452.

(/usr/share/texlive/texmf-dist/tex/latex/latexconfig/epstopdf-sys.cfg
File: epstopdf-sys.cfg 2010/07/13 v1.3 Configuration of (r)epstopdf for TeX Liv
e
)))
(/usr/share/texlive/texmf-dist/tex/latex/glossaries/styles/glossary-mcols.sty
Package: glossary-mcols 2013/11/14 v4.0 (NLCT)

(/usr/share/texlive/texmf-dist/tex/latex/tools/multicol.sty
Package: multicol 2014/10/28 v1.8i multicolumn formatting (FMi)
\c@tracingmulticols=\count364
\mult@box=\box39
\multicol@leftmargin=\dimen183
\c@unbalance=\count365
\c@collectmore=\count366
\doublecol@number=\count367
\multicoltolerance=\count368
\multicolpretolerance=\count369
\full@width=\dimen184
\page@free=\dimen185
\premulticols=\dimen186
\postmulticols=\dimen187
\multicolsep=\skip261
\multicolbaselineskip=\skip262
\partial@page=\box40
\last@line=\box41
\maxbalancingoverflow=\dimen188
\mult@rightbox=\box42
\mult@grightbox=\box43
\mult@gfirstbox=\box44
\mult@firstbox=\box45
\@tempa=\box46
\@tempa=\box47
\@tempa=\box48
\@tempa=\box49
\@tempa=\box50
\@tempa=\box51
\@tempa=\box52
\@tempa=\box53
\@tempa=\box54
\@tempa=\box55
\@tempa=\box56
\@tempa=\box57
\@tempa=\box58
\@tempa=\box59
\@tempa=\box60
\@tempa=\box61
\@tempa=\box62
\c@columnbadness=\count370
\c@finalcolumnbadness=\count371
\last@try=\dimen189
\multicolovershoot=\dimen190
\multicolundershoot=\dimen191
\mult@nat@firstbox=\box63
\colbreak@box=\box64
\mc@col@check@num=\count372
))
\c@theorem=\count373
\c@definition=\count374
 (./glossaries.tex
\glswrite=\write5
\glo@main@file=\write6
\openout6 = `triggerManual.glo'.

Package glossaries Info: Writing glossary file triggerManual.glo on input line 
3.
\glo@symbols@file=\write7
\openout7 = `triggerManual.sbl'.

Package glossaries Info: Writing glossary file triggerManual.sbl on input line 
3.
)
Package biblatex Info: Trying to load language 'english'...
Package biblatex Info: ... file 'english.lbx' found.
 (/usr/share/texlive/texmf-dist/tex/latex/biblatex/lbx/english.lbx
File: english.lbx 2014/06/25 v2.9a biblatex localization (PK/JW/AB)
)
\@quotelevel=\count375
\@quotereset=\count376

(./triggerManual.aux (./intro.aux) (./dtm.aux) (./triggers.aux) (./firmware.aux
) (./installation.aux) (./appendix.aux) (./errata.aux))
\openout1 = `triggerManual.aux'.

LaTeX Font Info:    Checking defaults for OML/cmm/m/it on input line 147.
LaTeX Font Info:    ... okay on input line 147.
LaTeX Font Info:    Checking defaults for T1/cmr/m/n on input line 147.
LaTeX Font Info:    ... okay on input line 147.
LaTeX Font Info:    Checking defaults for OT1/cmr/m/n on input line 147.
LaTeX Font Info:    ... okay on input line 147.
LaTeX Font Info:    Checking defaults for OMS/cmsy/m/n on input line 147.
LaTeX Font Info:    ... okay on input line 147.
LaTeX Font Info:    Checking defaults for OMX/cmex/m/n on input line 147.
LaTeX Font Info:    ... okay on input line 147.
LaTeX Font Info:    Checking defaults for U/cmr/m/n on input line 147.
LaTeX Font Info:    ... okay on input line 147.
LaTeX Font Info:    Checking defaults for PD1/pdf/m/n on input line 147.
LaTeX Font Info:    ... okay on input line 147.


******************************************************
Stock height and width: 794.96999pt by 614.295pt
Top and edge trims: 0pt and 0pt
Page height and width: 794.96999pt by 614.295pt
Text height and width: 642.75pt by 460pt
Spine and edge margins: 72.26999pt and 72.26999pt
Upper and lower margins: 111.76999pt and 40.45pt
Headheight and headsep: 14.5pt and 19.8738pt
Footskip: 30pt
Columnsep and columnseprule: 10pt and 0pt
Marginparsep and marginparwidth: 7pt and 58.26999pt
Sidecapsep and sidecapwidth: 7pt and 50pt
Sidebarhsep and sidebarwidth: 7pt and 50pt
Sidebarvsep and sidebartopsep: 14.5pt and 0pt
Sidebarheight: 546.64995pt
Sidefoothsep and sidefootwidth: 7pt and 50pt
Sidefootvsep and sidefootheight: 14.5pt and 546.64995pt
******************************************************

(/usr/share/texlive/texmf-dist/tex/context/base/supp-pdf.mkii
[Loading MPS to PDF converter (version 2006.09.02).]
\scratchcounter=\count377
\scratchdimen=\dimen192
\scratchbox=\box65
\nofMPsegments=\count378
\nofMParguments=\count379
\everyMPshowfont=\toks39
\MPscratchCnt=\count380
\MPscratchDim=\dimen193
\MPnumerator=\count381
\makeMPintoPDFobject=\count382
\everyMPtoPDFconversion=\toks40
)
\AtBeginShipoutBox=\box66
Package hyperref Info: Link coloring OFF on input line 147.
 (/usr/share/texlive/texmf-dist/tex/latex/hyperref/nameref.sty
Package: nameref 2012/10/27 v2.43 Cross-referencing by name of section

(/usr/share/texlive/texmf-dist/tex/generic/oberdiek/gettitlestring.sty
Package: gettitlestring 2010/12/03 v1.4 Cleanup title references (HO)
)
\c@section@level=\count383
)
Redoing nameref's sectioning
Redoing nameref's label
LaTeX Info: Redefining \nameref on input line 147.
LaTeX Info: Redefining \ref on input line 147.
LaTeX Info: Redefining \pageref on input line 147.
LaTeX Info: Redefining \nameref on input line 147.
(./triggerManual.out) (./triggerManual.out)
\@outlinefile=\write8
\openout8 = `triggerManual.out'.

Package biblatex Info: No input encoding detected.
(biblatex)             Assuming 'ascii'.
Package biblatex Info: Automatic encoding selection.
(biblatex)             Assuming data encoding 'ascii'.
\openout4 = `triggerManual.bcf'.

Package biblatex Info: Trying to load bibliographic data...
Package biblatex Info: ... file 'triggerManual.bbl' found.
 (./triggerManual.bbl)
Package biblatex Info: Reference section=0 on input line 147.
Package biblatex Info: Reference segment=0 on input line 147.

(./triggerManual.glsdefs)
Package caption Info: Begin \AtBeginDocument code.
Package caption Info: End \AtBeginDocument code.
\temp@x=\skip263
\temp@y=\skip264
\temp@w=\skip265
\temp@h=\skip266

In PDF mode
<images/DEAPLogoFinal.pdf, id=128, 188.705pt x 179.67125pt>
File: images/DEAPLogoFinal.pdf Graphic file (type pdf)

<use images/DEAPLogoFinal.pdf>
Package pdftex.def Info: images/DEAPLogoFinal.pdf used on input line 155.
(pdftex.def)             Requested size: 122.85712pt x 116.97408pt.
LaTeX Font Info:    Try loading font information for U+msa on input line 155.

(/usr/share/texlive/texmf-dist/tex/latex/amsfonts/umsa.fd
File: umsa.fd 2013/01/14 v3.01 AMS symbols A
)
LaTeX Font Info:    Try loading font information for U+msb on input line 155.

(/usr/share/texlive/texmf-dist/tex/latex/amsfonts/umsb.fd
File: umsb.fd 2013/01/14 v3.01 AMS symbols B
) [1

\openout5 = `triggerManual.xdy'.

{/var/lib/texmf/fonts/map/pdftex/updmap/pdftex.map} <./images/DEAPLogoFinal.pdf
>]pdfTeX warning (ext4): destination with the same identifier (name{page.1}) ha
s been already used, duplicate ignored
<to be read again> 
                   \relax 
l.157 \makeDescriptPage
                        [1] (./triggerManual.toc [1]) [2] (./triggerManual.lof
[3

] [4]
Overfull \hbox (1.538pt too wide) in paragraph at lines 77--77
 [][][]\OT1/cmr/m/n/12 DTM[][]. Photo Credit EDEV De-part-ment ([][]$\OT1/cmtt/
m/n/12 https : / / edev . triumf . ca / projects / 
 []

) [5] (./triggerManual.gls
Overfull \hbox (47.76988pt too wide) in paragraph at lines 122--122
\OT1/cmr/m/n/12 (See Samtec for data sheets and the stan-dard de-scrip-tion: ht
tps://www.samtec.com/standards/fmc). 
 []

[6



]

LaTeX Warning: Citation 'midas' on page 7 undefined on input line 161.

) [7] [8]
\openout2 = `intro.aux'.

 (./intro.tex)pdfTeX warning (ext4): destination with the same identifier (name
{page.1}) has been already used, duplicate ignored
<to be read again> 
                   \relax 
l.174 \include{intro}
                      [1


]
\openout2 = `dtm.aux'.

 (./dtm.tex

LaTeX Warning: Citation 'technicalReport' on page 2 undefined on input line 3.

[2



] <images/3xFMC_imageTOP.png, id=462, 465.23813pt x 575.14874pt>
File: images/3xFMC_imageTOP.png Graphic file (type png)

<use images/3xFMC_imageTOP.png>
Package pdftex.def Info: images/3xFMC_imageTOP.png used on input line 17.
(pdftex.def)             Requested size: 257.22345pt x 317.98314pt.

<images/daqSystemCartoon.jpg, id=467, 722.7pt x 542.025pt>
File: images/daqSystemCartoon.jpg Graphic file (type jpg)

<use images/daqSystemCartoon.jpg>
Package pdftex.def Info: images/daqSystemCartoon.jpg used on input line 32.
(pdftex.def)             Requested size: 522.1545pt x 391.61407pt.

Overfull \hbox (61.21994pt too wide) in paragraph at lines 32--33
 [][] 
 []

Missing character: There is no â in font cmr12!
Missing character: There is no € in font cmr12!
Missing character: There is no ™ in font cmr12!
[3 <./images/3xFMC_imageTOP.png>] [4 <./images/daqSystemCartoon.jpg>]
Underfull \hbox (badness 10000) in paragraph at lines 63--63
[][] [][][][][]$\OT1/cmtt/m/n/10 https : / / www . altera . com / content / dam
 / altera-[]www / global / en _ US / pdfs / literature / hb /
 []

[5] [6] [7]
Overfull \hbox (33.02806pt too wide) in paragraph at lines 119--120
[][][]$\OT1/cmtt/m/n/12 https : / / www . snolab . ca / deap / private / TWiki 
/ bin / view / Main / Dtmboard$[][] 
 []


Overfull \hbox (57.72807pt too wide) in paragraph at lines 127--128
[][][]$\OT1/cmtt/m/n/12 https : / / www . snolab . ca / deap / private / TWiki 
/ bin / view / Main / Dtmregisters$[][] 
 []

[8]

Package hyperref Warning: Token not allowed in a PDF string (PDFDocEncoding):
(hyperref)                removing `math shift' on input line 140.


Package hyperref Warning: Token not allowed in a PDF string (PDFDocEncoding):
(hyperref)                removing `math shift' on input line 140.


Overfull \hbox (28.79337pt too wide) in paragraph at lines 148--149
[][][]$\OT1/cmtt/m/n/12 https : / / www . snolab . ca / deap / private / TWiki 
/ bin / view / Main /
 []

[9] <images/adcBoard.jpg, id=624, 239.39438pt x 180.675pt>
File: images/adcBoard.jpg Graphic file (type jpg)

<use images/adcBoard.jpg>
Package pdftex.def Info: images/adcBoard.jpg used on input line 169.
(pdftex.def)             Requested size: 230.0pt x 173.58661pt.
 [10 <./images/adcBoard.jpg>]
Overfull \hbox (28.79337pt too wide) in paragraph at lines 182--183
[][][]$\OT1/cmtt/m/n/12 https : / / www . snolab . ca / deap / private / TWiki 
/ bin / view / Main /
 []

<images/mClockBoard.jpg, id=663, 164.86594pt x 144.54pt>
File: images/mClockBoard.jpg Graphic file (type jpg)

<use images/mClockBoard.jpg>
Package pdftex.def Info: images/mClockBoard.jpg used on input line 194.
(pdftex.def)             Requested size: 230.0pt x 201.65103pt.
 [11]
<images/ethernetBoard.jpg, id=687, 289.08pt x 216.81pt>
File: images/ethernetBoard.jpg Graphic file (type jpg)

<use images/ethernetBoard.jpg>
Package pdftex.def Info: images/ethernetBoard.jpg used on input line 219.
(pdftex.def)             Requested size: 230.0pt x 172.49876pt.
 [12 <./images/mClockBoard.jpg> <./images/ethernetBoard.jpg>]
Overfull \hbox (28.79337pt too wide) in paragraph at lines 230--231
[][][]$\OT1/cmtt/m/n/12 https : / / www . snolab . ca / deap / private / TWiki 
/ bin / view / Main /
 []


LaTeX Warning: Citation 'v1720UM' on page 13 undefined on input line 235.


LaTeX Warning: Citation 'v1740UM' on page 13 undefined on input line 235.


LaTeX Warning: Citation 'ppg' on page 13 undefined on input line 235.


LaTeX Warning: Citation 'ppg' on page 13 undefined on input line 236.

<images/nimBoard.jpg, id=718, 155.83218pt x 144.54pt>
File: images/nimBoard.jpg Graphic file (type jpg)

<use images/nimBoard.jpg>
Package pdftex.def Info: images/nimBoard.jpg used on input line 241.
(pdftex.def)             Requested size: 230.0pt x 213.33798pt.
 [13 <./images/nimBoard.jpg>]
<images/triggerDist.png, id=745, 868.24374pt x 538.01pt>
File: images/triggerDist.png Graphic file (type png)

<use images/triggerDist.png>
Package pdftex.def Info: images/triggerDist.png used on input line 258.
(pdftex.def)             Requested size: 460.0pt x 285.04543pt.
 [14 <./images/triggerDist.png>]

LaTeX Warning: Citation 'v1720UM' on page 15 undefined on input line 276.


LaTeX Warning: Citation 'v1740UM' on page 15 undefined on input line 276.

<images/daisyChain.pdf, id=779, 525.965pt x 426.59375pt>
File: images/daisyChain.pdf Graphic file (type pdf)

<use images/daisyChain.pdf>
Package pdftex.def Info: images/daisyChain.pdf used on input line 280.
(pdftex.def)             Requested size: 352.87624pt x 286.18967pt.
 [15]
<images/distClock.pdf, id=798, 541.02126pt x 474.77374pt>
File: images/distClock.pdf Graphic file (type pdf)

<use images/distClock.pdf>
Package pdftex.def Info: images/distClock.pdf used on input line 293.
(pdftex.def)             Requested size: 326.13423pt x 286.18967pt.
 [16 <./images/daisyChain.pdf>] [17 <./images/distClock.pdf>] <images/clockDist
Mod.jpg, id=830, 143.5764pt x 108.405pt>
File: images/clockDistMod.jpg Graphic file (type jpg)

<use images/clockDistMod.jpg>
Package pdftex.def Info: images/clockDistMod.jpg used on input line 306.
(pdftex.def)             Requested size: 379.1458pt x 286.18967pt.

<images/dtmConfigClockBoard.pdf, id=843, 440.64626pt x 412.54124pt>
File: images/dtmConfigClockBoard.pdf Graphic file (type pdf)

<use images/dtmConfigClockBoard.pdf>
Package pdftex.def Info: images/dtmConfigClockBoard.pdf used on input line 316.

(pdftex.def)             Requested size: 305.68683pt x 286.18967pt.
 [18

 <./images/clockDistMod.jpg>]
<images/dtmConfigSFPMasterClockOut.pdf, id=855, 440.64626pt x 412.54124pt>
File: images/dtmConfigSFPMasterClockOut.pdf Graphic file (type pdf)

<use images/dtmConfigSFPMasterClockOut.pdf>
Package pdftex.def Info: images/dtmConfigSFPMasterClockOut.pdf used on input li
ne 323.
(pdftex.def)             Requested size: 305.68683pt x 286.18967pt.
) [19 <./images/dtmConfigClockBoard.pdf>] [20 <./images/dtmConfigSFPMasterClock
Out.pdf>]
\openout2 = `triggers.aux'.

 (./triggers.tex
Overfull \hbox (40.58289pt too wide) in paragraph at lines 11--12
[]\OT1/cmr/m/n/12 https://edev.triumf.ca/svn/edevel00261/trunk/tsb/ip/rtl/sourc
e/ts[]periodic.v 
 []

[21



] [22] <images/periodicSim.png, id=927, 1307.69635pt x 334.98122pt>
File: images/periodicSim.png Graphic file (type png)

<use images/periodicSim.png>
Package pdftex.def Info: images/periodicSim.png used on input line 22.
(pdftex.def)             Requested size: 614.295pt x 157.3543pt.
 [23

 <./images/periodicSim.png>]
<images/periodicODB.png, id=932, 497.86pt x 284.06125pt>
File: images/periodicODB.png Graphic file (type png)

<use images/periodicODB.png>
Package pdftex.def Info: images/periodicODB.png used on input line 34.
(pdftex.def)             Requested size: 307.14749pt x 175.24925pt.

Overfull \hbox (58.53409pt too wide) in paragraph at lines 57--58
[]\OT1/cmr/m/n/12 https://edev.triumf.ca/svn/edevel00261/trunk/tsb/ip/rtl/sourc
e/ts[]exponential.v 
 []

[24

 <./images/periodicODB.png>]
<images/expODB.png, id=941, 508.90125pt x 316.18124pt>
File: images/expODB.png Graphic file (type png)
 <use images/expODB.png>
Package pdftex.def Info: images/expODB.png used on input line 68.
(pdftex.def)             Requested size: 307.14749pt x 190.83914pt.

[25 <./images/expODB.png>]
Overfull \hbox (34.90927pt too wide) in paragraph at lines 95--96
[]\OT1/cmr/m/n/12 https://edev.triumf.ca/svn/edevel00261/trunk/tsb/ip/rtl/sourc
e/ts[]external.v 
 []

[26] <images/externalSim.png, id=957, 1133.8577pt x 313.49554pt>
File: images/externalSim.png Graphic file (type png)

<use images/externalSim.png>
Package pdftex.def Info: images/externalSim.png used on input line 105.
(pdftex.def)             Requested size: 614.295pt x 169.84952pt.
 [27

 <./images/externalSim.png>]
<images/externalODB.png, id=963, 506.89375pt x 265.99374pt>
File: images/externalODB.png Graphic file (type png)

<use images/externalODB.png>
Package pdftex.def Info: images/externalODB.png used on input line 117.
(pdftex.def)             Requested size: 307.14749pt x 161.18037pt.

Overfull \hbox (59.42734pt too wide) in paragraph at lines 143--144
[]\OT1/cmr/m/n/12 https://edev.triumf.ca/svn/edevel00261/trunk/tsb/ip/rtl/sourc
e/ts[]adc[]min[]bias.v 
 []

[28

 <./images/externalODB.png>]
<images/minBiasTrigger.pdf, id=982, 255.95625pt x 170.6375pt>
File: images/minBiasTrigger.pdf Graphic file (type pdf)

<use images/minBiasTrigger.pdf>
Package pdftex.def Info: images/minBiasTrigger.pdf used on input line 159.
(pdftex.def)             Requested size: 430.00462pt x 286.68985pt.
 [29] [30 <./images/minBiasTrigger.pdf>]
<images/minBiasSingleChannel.png, id=1005, 1169.9927pt x 589.87946pt>
File: images/minBiasSingleChannel.png Graphic file (type png)

<use images/minBiasSingleChannel.png>
Package pdftex.def Info: images/minBiasSingleChannel.png used on input line 169
.
(pdftex.def)             Requested size: 614.295pt x 309.71835pt.
 [31

 <./images/minBiasSingleChannel.png>]
<images/minBiasCoincidence.png, id=1010, 1247.14581pt x 469.755pt>
File: images/minBiasCoincidence.png Graphic file (type png)

<use images/minBiasCoincidence.png>
Package pdftex.def Info: images/minBiasCoincidence.png used on input line 180.
(pdftex.def)             Requested size: 614.295pt x 231.379pt.
 [32


 <./images/minBiasCoincidence.png>]
<images/minBiasODB.png, id=1015, 378.41376pt x 721.69624pt>
File: images/minBiasODB.png Graphic file (type png)

<use images/minBiasODB.png>
Package pdftex.def Info: images/minBiasODB.png used on input line 191.
(pdftex.def)             Requested size: 312.62825pt x 596.22748pt.

Overfull \hbox (2.41077pt too wide) in paragraph at lines 215--216
[]\OT1/cmr/bx/n/12 Threshold [][][]ASUM-SUM[][]: \OT1/cmr/m/n/12 17-bit value s
et-ting the min-i-mum bias thresh-old for the [][][]ASUM-
 []

[33

] [34] [35 <./images/minBiasODB.png>]
Overfull \hbox (17.08313pt too wide) in paragraph at lines 225--226
[]\OT1/cmr/m/n/12 https://edev.triumf.ca/svn/edevel00261/trunk/tsb/ip/rtl/sourc
e/ts[]adc.v 
 []

[36

] <images/triggerRegions.pdf, id=1071, 395.4775pt x 352.31625pt>
File: images/triggerRegions.pdf Graphic file (type pdf)

<use images/triggerRegions.pdf>
Package pdftex.def Info: images/triggerRegions.pdf used on input line 235.
(pdftex.def)             Requested size: 368.58073pt x 328.36034pt.
\height=\dimen32767 (local)
\depth=\dimen32766 (local)
\totalheight=\dimen32765 (local)
\width=\dimen32764 (local)
\height=\dimen32767 (local)
\depth=\dimen32766 (local)
\totalheight=\dimen32765 (local)
\width=\dimen32764 (local)
\height=\dimen32767 (local)
\depth=\dimen32766 (local)
\totalheight=\dimen32765 (local)
\width=\dimen32764 (local)
\height=\dimen32767 (local)
\depth=\dimen32766 (local)
\totalheight=\dimen32765 (local)
\width=\dimen32764 (local)
\height=\dimen32767 (local)
\depth=\dimen32766 (local)
\totalheight=\dimen32765 (local)
\width=\dimen32764 (local)
\height=\dimen32767 (local)
\depth=\dimen32766 (local)
\totalheight=\dimen32765 (local)
\width=\dimen32764 (local)
\height=\dimen32767 (local)
\depth=\dimen32766 (local)
\totalheight=\dimen32765 (local)
\width=\dimen32764 (local)
\height=\dimen32767 (local)
\depth=\dimen32766 (local)
\totalheight=\dimen32765 (local)
\width=\dimen32764 (local)
\height=\dimen32767 (local)
\depth=\dimen32766 (local)
\totalheight=\dimen32765 (local)
\width=\dimen32764 (local)
\height=\dimen32767 (local)
\depth=\dimen32766 (local)
\totalheight=\dimen32765 (local)
\width=\dimen32764 (local)

<images/adcTrigger.pdf, id=1084, 284.06125pt x 170.6375pt>
File: images/adcTrigger.pdf Graphic file (type pdf)

<use images/adcTrigger.pdf>
Package pdftex.def Info: images/adcTrigger.pdf used on input line 256.
(pdftex.def)             Requested size: 430.00462pt x 258.3328pt.
 [37 <./images/triggerRegions.pdf>] [38 <./images/adcTrigger.pdf>] <images/adcT
rigSim.png, id=1139, 1294.02365pt x 500.03027pt>
File: images/adcTrigSim.png Graphic file (type png)

<use images/adcTrigSim.png>
Package pdftex.def Info: images/adcTrigSim.png used on input line 277.
(pdftex.def)             Requested size: 614.295pt x 237.37187pt.
 [39

 <./images/adcTrigSim.png>]
<images/adcTrigODB.png, id=1145, 499.8675pt x 621.32124pt>
File: images/adcTrigODB.png Graphic file (type png)

<use images/adcTrigODB.png>
Package pdftex.def Info: images/adcTrigODB.png used on input line 289.
(pdftex.def)             Requested size: 307.14749pt x 381.7927pt.
 [40

 <./images/adcTrigODB.png>] [41]) [42]
\openout2 = `firmware.aux'.


(./firmware.tex

Package hyperref Warning: Token not allowed in a PDF string (PDFDocEncoding):
(hyperref)                removing `math shift' on input line 1.


Package hyperref Warning: Token not allowed in a PDF string (PDFDocEncoding):
(hyperref)                removing `math shift' on input line 1.

[43



] <images/firmwareHier.pdf, id=1204, 882.29625pt x 517.935pt>
File: images/firmwareHier.pdf Graphic file (type pdf)

<use images/firmwareHier.pdf>
Package pdftex.def Info: images/firmwareHier.pdf used on input line 15.
(pdftex.def)             Requested size: 580.32469pt x 340.6843pt.
 [44

 <./images/firmwareHier.pdf>]
<images/adcFIFO.png, id=1230, 337.26pt x 728.7225pt>
File: images/adcFIFO.png Graphic file (type png)
 <use images/adcFIFO.png>
Package pdftex.def Info: images/adcFIFO.png used on input line 45.
(pdftex.def)             Requested size: 294.35043pt x 635.97841pt.


LaTeX Warning: Float too large for page by 17.7284pt on input line 48.

[45

] <images/DTM_ADC_01.png, id=1261, 642.4pt x 401.5pt>
File: images/DTM_ADC_01.png Graphic file (type png)

<use images/DTM_ADC_01.png>
Package pdftex.def Info: images/DTM_ADC_01.png used on input line 76.
(pdftex.def)             Requested size: 368.0014pt x 230.00912pt.

<images/DTM_ADC_02.png, id=1264, 642.4pt x 401.5pt>
File: images/DTM_ADC_02.png Graphic file (type png)

<use images/DTM_ADC_02.png>
Package pdftex.def Info: images/DTM_ADC_02.png used on input line 83.
(pdftex.def)             Requested size: 368.0014pt x 230.00912pt.

<images/baselineStability.png, id=1267, 642.4pt x 401.5pt>
File: images/baselineStability.png Graphic file (type png)

<use images/baselineStability.png>
Package pdftex.def Info: images/baselineStability.png used on input line 90.
(pdftex.def)             Requested size: 368.0014pt x 230.00912pt.
 [46] [47 <./images/adcFIFO.png>] [48 <./images/DTM_ADC_01.png> <./images/DTM_A
DC_02.png>] [49 <./images/baselineStability.png>] [50

] [51] [52] [53]
Overfull \hbox (97.61406pt too wide) in paragraph at lines 193--194
[]\OT1/cmr/m/n/12 VME[]3xFMC[]Carrier (ede-vel00365 or ede-vel00268 in tsb/ip/r
tl/VME[]3xFMC[]Carrier.v) 
 []


Overfull \hbox (3.9101pt too wide) in paragraph at lines 204--205
[][][][]\OT1/cmr/m/n/12 JALISCO[][] (ede-vel00309), Dash-ing (ede-vel00264), SD
 Card (ede-vel00240), VME
 []


Overfull \hbox (15.50792pt too wide) in paragraph at lines 204--205
\OT1/cmr/m/n/12 mon QSYS (ede-vel00305), Com-mon Scripts (ede-vel00298), Com-mo
n HDL (ede-vel00232),
 []

[54]
Overfull \hbox (3.9101pt too wide) in paragraph at lines 225--226
[][][][]\OT1/cmr/m/n/12 JALISCO[][] (ede-vel00309), Dash-ing (ede-vel00264), SD
 Card (ede-vel00240), VME
 []


Overfull \hbox (15.50792pt too wide) in paragraph at lines 225--226
\OT1/cmr/m/n/12 mon QSYS (ede-vel00305), Com-mon Scripts (ede-vel00298), Com-mo
n HDL (ede-vel00232),
 []

[55]) [56]
\openout2 = `installation.aux'.

 (./installation.tex
Overfull \hbox (47.76003pt too wide) in paragraph at lines 8--9
[][][]$\OT1/cmtt/m/n/12 https : / / edev . triumf . ca / projects / edevel00365
 / wiki / Jalisco _ Tutorial _
 []

<images/jaliscoTopScreen.png, id=1414, 530.73282pt x 439.6425pt>
File: images/jaliscoTopScreen.png Graphic file (type png)

<use images/jaliscoTopScreen.png>
Package pdftex.def Info: images/jaliscoTopScreen.png used on input line 17.
(pdftex.def)             Requested size: 368.0014pt x 304.84291pt.
 [57



] [58 <./images/jaliscoTopScreen.png>]
<images/dtmDataStorage.png, id=1430, 571.38469pt x 436.63126pt>
File: images/dtmDataStorage.png Graphic file (type png)

<use images/dtmDataStorage.png>
Package pdftex.def Info: images/dtmDataStorage.png used on input line 29.
(pdftex.def)             Requested size: 460.0pt x 351.51741pt.

Overfull \hbox (4.77464pt too wide) in paragraph at lines 34--36
[]\OT1/cmr/m/n/12 The in-stal-la-tion of new firmware is done one of three dif-
fer-ent ways[][][][][]: JTAG, FTP/Telnet,
 []

[59

 <./images/dtmDataStorage.png>]
Missing character: There is no â in font cmr12!
Missing character: There is no € in font cmr12!
Missing character: There is no œ in font cmr12!
Missing character: There is no â in font cmr12!
Missing character: There is no € in font cmr12!
Missing character: There is no  in font cmr12!
Missing character: There is no â in font cmr12!
Missing character: There is no € in font cmr12!
Missing character: There is no œ in font cmr12!
Missing character: There is no â in font cmr12!
Missing character: There is no € in font cmr12!
Missing character: There is no  in font cmr12!
 (./loadImageRegisters.tex
\height=\dimen32767 (local)
\depth=\dimen32766 (local)
\totalheight=\dimen32765 (local)
\width=\dimen32764 (local)
\height=\dimen32767 (local)
\depth=\dimen32766 (local)
\totalheight=\dimen32765 (local)
\width=\dimen32764 (local)
\height=\dimen32767 (local)
\depth=\dimen32766 (local)
\totalheight=\dimen32765 (local)
\width=\dimen32764 (local)
\height=\dimen32767 (local)
\depth=\dimen32766 (local)
\totalheight=\dimen32765 (local)
\width=\dimen32764 (local)
\height=\dimen32767 (local)
\depth=\dimen32766 (local)
\totalheight=\dimen32765 (local)
\width=\dimen32764 (local)
\height=\dimen32767 (local)
\depth=\dimen32766 (local)
\totalheight=\dimen32765 (local)
\width=\dimen32764 (local)
\height=\dimen32767 (local)
\depth=\dimen32766 (local)
\totalheight=\dimen32765 (local)
\width=\dimen32764 (local)
\height=\dimen32767 (local)
\depth=\dimen32766 (local)
\totalheight=\dimen32765 (local)
\width=\dimen32764 (local)
\curly@height=\dimen32767 (local)
\half@curly@height=\dimen32766 (local)
\curly@shift=\dimen32765 (local)
\total@box@width=\dimen32767 (local)

Overfull \hbox (49.09785pt too wide) in paragraph at lines 10--11
[][] 
 []

\height=\dimen32767 (local)
\depth=\dimen32766 (local)
\totalheight=\dimen32765 (local)
\width=\dimen32764 (local)
\height=\dimen32767 (local)
\depth=\dimen32766 (local)
\totalheight=\dimen32765 (local)
\width=\dimen32764 (local)
\height=\dimen32767 (local)
\depth=\dimen32766 (local)
\totalheight=\dimen32765 (local)
\width=\dimen32764 (local)
\height=\dimen32767 (local)
\depth=\dimen32766 (local)
\totalheight=\dimen32765 (local)
\width=\dimen32764 (local)
\height=\dimen32767 (local)
\depth=\dimen32766 (local)
\totalheight=\dimen32765 (local)
\width=\dimen32764 (local)
\height=\dimen32767 (local)
\depth=\dimen32766 (local)
\totalheight=\dimen32765 (local)
\width=\dimen32764 (local)
\height=\dimen32767 (local)
\depth=\dimen32766 (local)
\totalheight=\dimen32765 (local)
\width=\dimen32764 (local)
\height=\dimen32767 (local)
\depth=\dimen32766 (local)
\totalheight=\dimen32765 (local)
\width=\dimen32764 (local)
\height=\dimen32767 (local)
\depth=\dimen32766 (local)
\totalheight=\dimen32765 (local)
\width=\dimen32764 (local)
\height=\dimen32767 (local)
\depth=\dimen32766 (local)
\totalheight=\dimen32765 (local)
\width=\dimen32764 (local)
\height=\dimen32767 (local)
\depth=\dimen32766 (local)
\totalheight=\dimen32765 (local)
\width=\dimen32764 (local)
\height=\dimen32767 (local)
\depth=\dimen32766 (local)
\totalheight=\dimen32765 (local)
\width=\dimen32764 (local)
\curly@height=\dimen32767 (local)
\half@curly@height=\dimen32766 (local)
\curly@shift=\dimen32765 (local)
\total@box@width=\dimen32767 (local)
\height=\dimen32767 (local)
\depth=\dimen32766 (local)
\totalheight=\dimen32765 (local)
\width=\dimen32764 (local)
\height=\dimen32767 (local)
\depth=\dimen32766 (local)
\totalheight=\dimen32765 (local)
\width=\dimen32764 (local)
\height=\dimen32767 (local)
\depth=\dimen32766 (local)
\totalheight=\dimen32765 (local)
\width=\dimen32764 (local)

Overfull \hbox (51.45616pt too wide) in paragraph at lines 26--27
[][] 
 []

)
Underfull \hbox (badness 10000) in paragraph at lines 55--55
[][] [][][]\OT1/cmr/m/n/10 For more on the startup se-quence be-fore this step 
see [][]$\OT1/cmtt/m/n/10 https : / / edev .
 []


Underfull \hbox (badness 10000) in paragraph at lines 55--55
\OT1/cmtt/m/n/10 triumf . ca / projects / edevel00365 / wiki / Boot _ Sequence 
_ and _ Boot _ Image _ Selection #
 []


Underfull \hbox (badness 10000) in paragraph at lines 59--59
[][] [][][][][]$\OT1/cmtt/m/n/10 https : / / edev . triumf . ca / projects / ed
evel00365 / wiki / Boot _ Sequence _ and _ Boot _ Image _
 []

[60] [61]
Underfull \hbox (badness 10000) in paragraph at lines 70--70
[][] [][][][][]$\OT1/cmtt/m/n/10 https : / / edev . triumf . ca / projects / ed
evel00365 / wiki / Boot _ Sequence _ and _ Boot _ Image _
 []

) [62]
\openout2 = `appendix.aux'.

 (./appendix.tex

Package hyperref Warning: Token not allowed in a PDF string (PDFDocEncoding):
(hyperref)                removing `math shift' on input line 7.


Package hyperref Warning: Token not allowed in a PDF string (PDFDocEncoding):
(hyperref)                removing `math shift' on input line 7.


Overfull \hbox (38.29654pt too wide) in paragraph at lines 12--16
[][] 
 []


Overfull \hbox (7.8666pt too wide) in paragraph at lines 21--30
[][] 
 []


Overfull \hbox (7.8666pt too wide) in paragraph at lines 35--41
[][] 
 []

) [63



] [64]
\openout2 = `errata.aux'.

 (./errata.tex
Overfull \hbox (22.4906pt too wide) in paragraph at lines 7--8
[][][]$\OT1/cmtt/m/n/12 https : / / www . altera . com / content / dam / altera
-[]www / global /
 []


Overfull \hbox (22.4906pt too wide) in paragraph at lines 13--14
[][][]$\OT1/cmtt/m/n/12 https : / / www . altera . com / content / dam / altera
-[]www / global /
 []

[65



]) [66]

LaTeX Warning: Empty bibliography on input line 183.

\tf@toc=\write9
\openout9 = `triggerManual.toc'.

\tf@lof=\write10
\openout10 = `triggerManual.lof'.

Package atveryend Info: Empty hook `BeforeClearDocument' on input line 185.
Package atveryend Info: Empty hook `AfterLastShipout' on input line 185.
(./triggerManual.aux (./intro.aux) (./dtm.aux) (./triggers.aux) (./firmware.aux
) (./installation.aux) (./appendix.aux) (./errata.aux))
Package atveryend Info: Executing hook `AtVeryEndDocument' on input line 185.
Package atveryend Info: Executing hook `AtEndAfterFileList' on input line 185.
Package rerunfilecheck Info: File `triggerManual.out' has not changed.
(rerunfilecheck)             Checksum: DD935F369565511F848A1AD1AD9E23AB;1930.


LaTeX Warning: There were undefined references.


Package biblatex Warning: Please (re)run Biber on the file:
(biblatex)                triggerManual
(biblatex)                and rerun LaTeX afterwards.

Package logreq Info: Writing requests to 'triggerManual.run.xml'.
\openout1 = `triggerManual.run.xml'.

Package atveryend Info: Empty hook `AtVeryVeryEnd' on input line 185.
 ) 
Here is how much of TeX's memory you used:
 22506 strings out of 493105
 347570 string characters out of 6137072
 902577 words of memory out of 5000000
 25306 multiletter control sequences out of 15000+600000
 26794 words of font info for 100 fonts, out of 8000000 for 9000
 1142 hyphenation exceptions out of 8191
 55i,15n,92p,2203b,1050s stack positions out of 5000i,500n,10000p,200000b,80000s
</usr/share/texlive/texmf-dist/fonts/type1/public/amsfonts/cm/cmbx12.pfb></us
r/share/texlive/texmf-dist/fonts/type1/public/amsfonts/cm/cmex10.pfb></usr/shar
e/texlive/texmf-dist/fonts/type1/public/amsfonts/cm/cmmi12.pfb></usr/share/texl
ive/texmf-dist/fonts/type1/public/amsfonts/cm/cmmi8.pfb></usr/share/texlive/tex
mf-dist/fonts/type1/public/amsfonts/cm/cmr10.pfb></usr/share/texlive/texmf-dist
/fonts/type1/public/amsfonts/cm/cmr12.pfb></usr/share/texlive/texmf-dist/fonts/
type1/public/amsfonts/cm/cmr17.pfb></usr/share/texlive/texmf-dist/fonts/type1/p
ublic/amsfonts/cm/cmr7.pfb></usr/share/texlive/texmf-dist/fonts/type1/public/am
sfonts/cm/cmr8.pfb></usr/share/texlive/texmf-dist/fonts/type1/public/amsfonts/c
m/cmsl12.pfb></usr/share/texlive/texmf-dist/fonts/type1/public/amsfonts/cm/cmsy
10.pfb></usr/share/texlive/texmf-dist/fonts/type1/public/amsfonts/cm/cmtt10.pfb
></usr/share/texlive/texmf-dist/fonts/type1/public/amsfonts/cm/cmtt12.pfb>
Output written on triggerManual.pdf (76 pages, 1980659 bytes).
PDF statistics:
 1638 PDF objects out of 1728 (max. 8388607)
 1398 compressed objects within 14 object streams
 268 named destinations out of 1000 (max. 500000)
 414 words of extra memory for PDF output out of 10000 (max. 10000000)

